SF:lib\feature\notifications\domain\entities\push_message.dart
DA:8,1
DA:10,1
DA:11,4
LF:3
LH:3
end_of_record
SF:lib\feature\notifications\domain\usecases\get_fcm_token.dart
DA:5,1
DA:7,3
LF:2
LH:2
end_of_record
SF:lib\feature\notifications\presentation\bloc\notification_bloc.dart
DA:19,1
DA:20,1
DA:21,2
DA:22,2
DA:23,2
DA:26,1
DA:30,1
DA:31,5
DA:32,2
DA:36,1
DA:40,5
DA:41,3
DA:44,1
DA:48,3
DA:49,2
DA:50,3
DA:53,1
DA:55,2
DA:56,1
LF:19
LH:19
end_of_record
SF:lib\feature\notifications\presentation\bloc\notification_event.dart
DA:4,3
DA:6,0
DA:7,0
DA:11,2
DA:16,1
DA:18,0
DA:19,0
DA:23,2
LF:8
LH:4
end_of_record
SF:lib\feature\notifications\presentation\bloc\notification_state.dart
DA:8,1
DA:14,2
DA:19,1
DA:24,1
DA:25,1
DA:26,1
DA:27,1
DA:31,1
DA:32,4
LF:9
LH:9
end_of_record
SF:lib\main.dart
DA:5,0
DA:6,0
DA:7,0
DA:8,0
DA:12,2
DA:14,1
DA:16,1
DA:18,1
DA:19,1
LF:9
LH:5
end_of_record
SF:lib\core\firebase\firebase_bootstrap.dart
DA:9,0
DA:11,0
DA:12,0
DA:13,0
DA:18,0
DA:19,0
DA:27,0
LF:7
LH:0
end_of_record
SF:lib\firebase_options.dart
DA:8,0
DA:11,0
DA:13,0
DA:14,0
DA:21,0
DA:29,0
DA:37,0
DA:38,0
DA:39,0
DA:40,0
LF:10
LH:0
end_of_record
SF:lib\feature\notifications\data\datasources\fcm_remote_data_source.dart
DA:12,0
DA:14,0
DA:16,0
DA:17,0
DA:18,0
DA:19,0
DA:23,0
DA:24,0
LF:8
LH:0
end_of_record
SF:lib\feature\notifications\data\repositories\notification_repository_impl.dart
DA:7,0
DA:9,0
DA:10,0
DA:12,0
DA:13,0
LF:5
LH:0
end_of_record
SF:lib\feature\notifications\presentation\pages\notification_page.dart
DA:11,1
DA:13,1
DA:15,1
DA:16,1
DA:17,1
DA:19,2
DA:20,1
DA:21,0
DA:22,0
DA:24,0
DA:25,0
DA:34,1
DA:36,0
DA:38,0
DA:39,0
DA:41,0
DA:42,0
DA:44,0
DA:45,0
DA:49,0
DA:50,0
DA:51,0
DA:52,0
DA:53,0
DA:54,0
DA:55,0
DA:57,0
DA:59,0
DA:60,0
DA:61,0
DA:62,0
DA:63,0
DA:64,0
DA:65,0
DA:66,0
DA:67,0
LF:36
LH:8
end_of_record
